\BOOKMARK [0][-]{chapter.1}{Introduction}{}% 1
\BOOKMARK [0][-]{chapter.2}{Integration}{}% 2
\BOOKMARK [1][-]{section.2.1}{The Indefinite Integral}{chapter.2}% 3
\BOOKMARK [1][-]{section.2.2}{The Definite Integral}{chapter.2}% 4
\BOOKMARK [1][-]{section.2.3}{Iterated Integrals}{chapter.2}% 5
\BOOKMARK [1][-]{section.2.4}{Integration over Arbitrary Sets}{chapter.2}% 6
\BOOKMARK [1][-]{section.2.5}{Change of Variables}{chapter.2}% 7
\BOOKMARK [1][-]{section.2.6}{Polar Coordinates}{chapter.2}% 8
\BOOKMARK [1][-]{section.2.7}{Cylindrical and Spherical Coordinates}{chapter.2}% 9
\BOOKMARK [1][-]{section.2.8}{Applications of Multiple Integration}{chapter.2}% 10
\BOOKMARK [0][-]{chapter.3}{Vector Calculus}{}% 11
\BOOKMARK [1][-]{section.3.1}{Vector Fields}{chapter.3}% 12
\BOOKMARK [1][-]{section.3.2}{Integral Curves}{chapter.3}% 13
\BOOKMARK [1][-]{section.3.3}{Vector Operations on Vector Fields}{chapter.3}% 14
\BOOKMARK [1][-]{section.3.4}{Conservative Vector Fields}{chapter.3}% 15
\BOOKMARK [1][-]{section.3.5}{Line Integrals of Vector Fields}{chapter.3}% 16
\BOOKMARK [1][-]{section.3.6}{Parametric Surfaces}{chapter.3}% 17
\BOOKMARK [1][-]{section.3.7}{Surface Integrals}{chapter.3}% 18
\BOOKMARK [1][-]{section.3.8}{Flux Integrals}{chapter.3}% 19
\BOOKMARK [1][-]{section.3.9}{The Major Results}{chapter.3}% 20
\BOOKMARK [1][-]{section.3.10}{Vector Calculus and Maxwell's Equations}{chapter.3}% 21
\BOOKMARK [0][-]{chapter.4}{An Introduction to Differential Geometry}{}% 22
\BOOKMARK [1][-]{section.4.1}{Manifolds and Coordinate Functions}{chapter.4}% 23
\BOOKMARK [1][-]{section.4.2}{Tangent Spaces}{chapter.4}% 24
\BOOKMARK [1][-]{section.4.3}{Vector Fields on Manifolds}{chapter.4}% 25
\BOOKMARK [1][-]{section.4.4}{Differential Forms}{chapter.4}% 26
\BOOKMARK [1][-]{section.4.5}{Pullbacks}{chapter.4}% 27
\BOOKMARK [1][-]{section.4.6}{Integration of Differential Forms}{chapter.4}% 28
\BOOKMARK [1][-]{section.4.7}{Stokes' Theorem}{chapter.4}% 29
