This is pdfTeX, Version 3.14159265-2.6-1.40.20 (TeX Live 2019/MacPorts 2019.50896_0) (preloaded format=pdflatex 2019.5.30)  4 AUG 2019 22:12
entering extended mode
 restricted \write18 enabled.
 %&-line parsing enabled.
**notes
(./notes.tex
LaTeX2e <2018-12-01>
(/opt/local/share/texmf-texlive/tex/latex/base/report.cls
Document Class: report 2018/09/03 v1.4i Standard LaTeX document class
(/opt/local/share/texmf-texlive/tex/latex/base/fleqn.clo
File: fleqn.clo 2016/12/29 v1.2b Standard LaTeX option (flush left equations)
\mathindent=\dimen102
Applying: [2015/01/01] Make \[ robust on input line 50.
LaTeX Info: Redefining \[ on input line 51.
Already applied: [0000/00/00] Make \[ robust on input line 62.
Applying: [2015/01/01] Make \] robust on input line 74.
LaTeX Info: Redefining \] on input line 75.
Already applied: [0000/00/00] Make \] robust on input line 83.
)
(/opt/local/share/texmf-texlive/tex/latex/base/size10.clo
File: size10.clo 2018/09/03 v1.4i Standard LaTeX file (size option)
)
\c@part=\count80
\c@chapter=\count81
\c@section=\count82
\c@subsection=\count83
\c@subsubsection=\count84
\c@paragraph=\count85
\c@subparagraph=\count86
\c@figure=\count87
\c@table=\count88
\abovecaptionskip=\skip41
\belowcaptionskip=\skip42
\bibindent=\dimen103
)
(/Users/remkes/Library/texmf/tex/latex/remhref.sty
(/Users/remkes/Library/texmf/tex/latex/remmath.sty
(/opt/local/share/texmf-texlive/tex/latex/booktabs/booktabs.sty
Package: booktabs 2016/04/27 v1.618033 publication quality tables
\heavyrulewidth=\dimen104
\lightrulewidth=\dimen105
\cmidrulewidth=\dimen106
\belowrulesep=\dimen107
\belowbottomsep=\dimen108
\aboverulesep=\dimen109
\abovetopsep=\dimen110
\cmidrulesep=\dimen111
\cmidrulekern=\dimen112
\defaultaddspace=\dimen113
\@cmidla=\count89
\@cmidlb=\count90
\@aboverulesep=\dimen114
\@belowrulesep=\dimen115
\@thisruleclass=\count91
\@lastruleclass=\count92
\@thisrulewidth=\dimen116
)
(/opt/local/share/texmf-texlive/tex/latex/amsmath/amsmath.sty
Package: amsmath 2018/12/01 v2.17b AMS math features
\@mathmargin=\skip43

For additional information on amsmath, use the `?' option.
(/opt/local/share/texmf-texlive/tex/latex/amsmath/amstext.sty
Package: amstext 2000/06/29 v2.01 AMS text

(/opt/local/share/texmf-texlive/tex/latex/amsmath/amsgen.sty
File: amsgen.sty 1999/11/30 v2.0 generic functions
\@emptytoks=\toks14
\ex@=\dimen117
))
(/opt/local/share/texmf-texlive/tex/latex/amsmath/amsbsy.sty
Package: amsbsy 1999/11/29 v1.2d Bold Symbols
\pmbraise@=\dimen118
)
(/opt/local/share/texmf-texlive/tex/latex/amsmath/amsopn.sty
Package: amsopn 2016/03/08 v2.02 operator names
)
\inf@bad=\count93
LaTeX Info: Redefining \frac on input line 223.
\uproot@=\count94
\leftroot@=\count95
LaTeX Info: Redefining \overline on input line 385.
\classnum@=\count96
\DOTSCASE@=\count97
LaTeX Info: Redefining \ldots on input line 482.
LaTeX Info: Redefining \dots on input line 485.
LaTeX Info: Redefining \cdots on input line 606.
\Mathstrutbox@=\box27
\strutbox@=\box28
\big@size=\dimen119
LaTeX Font Info:    Redeclaring font encoding OML on input line 729.
LaTeX Font Info:    Redeclaring font encoding OMS on input line 730.
\macc@depth=\count98
\c@MaxMatrixCols=\count99
\dotsspace@=\muskip10
\c@parentequation=\count100
\dspbrk@lvl=\count101
\tag@help=\toks15
\row@=\count102
\column@=\count103
\maxfields@=\count104
\andhelp@=\toks16
\eqnshift@=\dimen120
\alignsep@=\dimen121
\tagshift@=\dimen122
\tagwidth@=\dimen123
\totwidth@=\dimen124
\lineht@=\dimen125
\@envbody=\toks17
\multlinegap=\skip44
\multlinetaggap=\skip45
\mathdisplay@stack=\toks18
LaTeX Info: Redefining \[ on input line 2844.
LaTeX Info: Redefining \] on input line 2845.
)
(/opt/local/share/texmf-texlive/tex/latex/amsfonts/amssymb.sty
Package: amssymb 2013/01/14 v3.01 AMS font symbols

(/opt/local/share/texmf-texlive/tex/latex/amsfonts/amsfonts.sty
Package: amsfonts 2013/01/14 v3.01 Basic AMSFonts support
\symAMSa=\mathgroup4
\symAMSb=\mathgroup5
LaTeX Font Info:    Overwriting math alphabet `\mathfrak' in version `bold'
(Font)                  U/euf/m/n --> U/euf/b/n on input line 106.
))
(/opt/local/share/texmf-texlive/tex/latex/amscls/amsthm.sty
Package: amsthm 2017/10/31 v2.20.4
\thm@style=\toks19
\thm@bodyfont=\toks20
\thm@headfont=\toks21
\thm@notefont=\toks22
\thm@headpunct=\toks23
\thm@preskip=\skip46
\thm@postskip=\skip47
\thm@headsep=\skip48
\dth@everypar=\toks24
)
(/opt/local/share/texmf-texlive/tex/latex/caption/caption.sty
Package: caption 2018/10/06 v3.3-154 Customizing captions (AR)

(/opt/local/share/texmf-texlive/tex/latex/caption/caption3.sty
Package: caption3 2018/09/12 v1.8c caption3 kernel (AR)
Package caption3 Info: TeX engine: e-TeX on input line 64.

(/opt/local/share/texmf-texlive/tex/latex/graphics/keyval.sty
Package: keyval 2014/10/28 v1.15 key=value parser (DPC)
\KV@toks@=\toks25
)
\captionmargin=\dimen126
\captionmargin@=\dimen127
\captionwidth=\dimen128
\caption@tempdima=\dimen129
\caption@indent=\dimen130
\caption@parindent=\dimen131
\caption@hangindent=\dimen132
)
\c@caption@flags=\count105
\c@ContinuedFloat=\count106
)
(/opt/local/share/texmf-texlive/tex/latex/graphics/epsfig.sty
Package: epsfig 2017/06/25 v1.7b (e)psfig emulation (SPQR)

(/opt/local/share/texmf-texlive/tex/latex/graphics/graphicx.sty
Package: graphicx 2017/06/01 v1.1a Enhanced LaTeX Graphics (DPC,SPQR)

(/opt/local/share/texmf-texlive/tex/latex/graphics/graphics.sty
Package: graphics 2017/06/25 v1.2c Standard LaTeX Graphics (DPC,SPQR)

(/opt/local/share/texmf-texlive/tex/latex/graphics/trig.sty
Package: trig 2016/01/03 v1.10 sin cos tan (DPC)
)
(/opt/local/share/texmf-texlive/tex/latex/graphics-cfg/graphics.cfg
File: graphics.cfg 2016/06/04 v1.11 sample graphics configuration
)
Package graphics Info: Driver file: pdftex.def on input line 99.

(/opt/local/share/texmf-texlive/tex/latex/graphics-def/pdftex.def
File: pdftex.def 2018/01/08 v1.0l Graphics/color driver for pdftex
))
\Gin@req@height=\dimen133
\Gin@req@width=\dimen134
)
\epsfxsize=\dimen135
\epsfysize=\dimen136
)
(/opt/local/share/texmf-texlive/tex/latex/mathtools/mathtools.sty
Package: mathtools 2018/01/08 v1.21 mathematical typesetting tools

(/opt/local/share/texmf-texlive/tex/latex/tools/calc.sty
Package: calc 2017/05/25 v4.3 Infix arithmetic (KKT,FJ)
\calc@Acount=\count107
\calc@Bcount=\count108
\calc@Adimen=\dimen137
\calc@Bdimen=\dimen138
\calc@Askip=\skip49
\calc@Bskip=\skip50
LaTeX Info: Redefining \setlength on input line 80.
LaTeX Info: Redefining \addtolength on input line 81.
\calc@Ccount=\count109
\calc@Cskip=\skip51
)
(/opt/local/share/texmf-texlive/tex/latex/mathtools/mhsetup.sty
Package: mhsetup 2017/03/31 v1.3 programming setup (MH)
)
LaTeX Info: Thecontrolsequence`\('isalreadyrobust on input line 129.
LaTeX Info: Thecontrolsequence`\)'isalreadyrobust on input line 129.
LaTeX Info: Thecontrolsequence`\['isalreadyrobust on input line 129.
LaTeX Info: Thecontrolsequence`\]'isalreadyrobust on input line 129.
\g_MT_multlinerow_int=\count110
\l_MT_multwidth_dim=\dimen139
\origjot=\skip52
\l_MT_shortvdotswithinadjustabove_dim=\dimen140
\l_MT_shortvdotswithinadjustbelow_dim=\dimen141
\l_MT_above_intertext_sep=\dimen142
\l_MT_below_intertext_sep=\dimen143
\l_MT_above_shortintertext_sep=\dimen144
\l_MT_below_shortintertext_sep=\dimen145
)
(/opt/local/share/texmf-texlive/tex/latex/caption/subcaption.sty
Package: subcaption 2018/05/01 v1.1-162 Sub-captions (AR)
\c@subfigure=\count111
\c@subtable=\count112
)
(/opt/local/share/texmf-texlive/tex/latex/tools/verbatim.sty
Package: verbatim 2014/10/28 v1.5q LaTeX2e package for verbatim enhancements
\every@verbatim=\toks26
\verbatim@line=\toks27
\verbatim@in@stream=\read1
)
(/opt/local/share/texmf-texlive/tex/latex/tools/array.sty
Package: array 2018/12/30 v2.4k Tabular extension package (FMi)
\col@sep=\dimen146
\ar@mcellbox=\box29
\extrarowheight=\dimen147
\NC@list=\toks28
\extratabsurround=\skip53
\backup@length=\skip54
\ar@cellbox=\box30
)
(/Users/remkes/Library/texmf/tex/latex/remsymb.sty)
(/Users/remkes/Library/texmf/tex/latex/remdefs.sty
\colveccount=\count113
)
\c@thm=\count114
))
(/opt/local/share/texmf-texlive/tex/latex/hyperref/hyperref.sty
Package: hyperref 2018/11/30 v6.88e Hypertext links for LaTeX

(/opt/local/share/texmf-texlive/tex/generic/oberdiek/hobsub-hyperref.sty
Package: hobsub-hyperref 2016/05/16 v1.14 Bundle oberdiek, subset hyperref (HO)


(/opt/local/share/texmf-texlive/tex/generic/oberdiek/hobsub-generic.sty
Package: hobsub-generic 2016/05/16 v1.14 Bundle oberdiek, subset generic (HO)
Package: hobsub 2016/05/16 v1.14 Construct package bundles (HO)
Package: infwarerr 2016/05/16 v1.4 Providing info/warning/error messages (HO)
Package: ltxcmds 2016/05/16 v1.23 LaTeX kernel commands for general use (HO)
Package: ifluatex 2016/05/16 v1.4 Provides the ifluatex switch (HO)
Package ifluatex Info: LuaTeX not detected.
Package: ifvtex 2016/05/16 v1.6 Detect VTeX and its facilities (HO)
Package ifvtex Info: VTeX not detected.
Package: intcalc 2016/05/16 v1.2 Expandable calculations with integers (HO)
Package: ifpdf 2018/09/07 v3.3 Provides the ifpdf switch
Package: etexcmds 2016/05/16 v1.6 Avoid name clashes with e-TeX commands (HO)
Package: kvsetkeys 2016/05/16 v1.17 Key value parser (HO)
Package: kvdefinekeys 2016/05/16 v1.4 Define keys (HO)
Package: pdftexcmds 2018/09/10 v0.29 Utility functions of pdfTeX for LuaTeX (HO
)
Package pdftexcmds Info: LuaTeX not detected.
Package pdftexcmds Info: \pdf@primitive is available.
Package pdftexcmds Info: \pdf@ifprimitive is available.
Package pdftexcmds Info: \pdfdraftmode found.
Package: pdfescape 2016/05/16 v1.14 Implements pdfTeX's escape features (HO)
Package: bigintcalc 2016/05/16 v1.4 Expandable calculations on big integers (HO
)
Package: bitset 2016/05/16 v1.2 Handle bit-vector datatype (HO)
Package: uniquecounter 2016/05/16 v1.3 Provide unlimited unique counter (HO)
)
Package hobsub Info: Skipping package `hobsub' (already loaded).
Package: letltxmacro 2016/05/16 v1.5 Let assignment for LaTeX macros (HO)
Package: hopatch 2016/05/16 v1.3 Wrapper for package hooks (HO)
Package: xcolor-patch 2016/05/16 xcolor patch
Package: atveryend 2016/05/16 v1.9 Hooks at the very end of document (HO)
Package atveryend Info: \enddocument detected (standard20110627).
Package: atbegshi 2016/06/09 v1.18 At begin shipout hook (HO)
Package: refcount 2016/05/16 v3.5 Data extraction from label references (HO)
Package: hycolor 2016/05/16 v1.8 Color options for hyperref/bookmark (HO)
)
(/opt/local/share/texmf-texlive/tex/generic/ifxetex/ifxetex.sty
Package: ifxetex 2010/09/12 v0.6 Provides ifxetex conditional
)
(/opt/local/share/texmf-texlive/tex/latex/oberdiek/auxhook.sty
Package: auxhook 2016/05/16 v1.4 Hooks for auxiliary files (HO)
)
(/opt/local/share/texmf-texlive/tex/latex/oberdiek/kvoptions.sty
Package: kvoptions 2016/05/16 v3.12 Key value format for package options (HO)
)
\@linkdim=\dimen148
\Hy@linkcounter=\count115
\Hy@pagecounter=\count116

(/opt/local/share/texmf-texlive/tex/latex/hyperref/pd1enc.def
File: pd1enc.def 2018/11/30 v6.88e Hyperref: PDFDocEncoding definition (HO)
Now handling font encoding PD1 ...
... no UTF-8 mapping file for font encoding PD1
)
\Hy@SavedSpaceFactor=\count117

(/opt/local/share/texmf-texlive/tex/latex/latexconfig/hyperref.cfg
File: hyperref.cfg 2002/06/06 v1.2 hyperref configuration of TeXLive
)
Package hyperref Info: Hyper figures OFF on input line 4519.
Package hyperref Info: Link nesting OFF on input line 4524.
Package hyperref Info: Hyper index ON on input line 4527.
Package hyperref Info: Plain pages OFF on input line 4534.
Package hyperref Info: Backreferencing OFF on input line 4539.
Package hyperref Info: Implicit mode ON; LaTeX internals redefined.
Package hyperref Info: Bookmarks ON on input line 4772.
\c@Hy@tempcnt=\count118

(/opt/local/share/texmf-texlive/tex/latex/url/url.sty
\Urlmuskip=\muskip11
Package: url 2013/09/16  ver 3.4  Verb mode for urls, etc.
)
LaTeX Info: Redefining \url on input line 5125.
\XeTeXLinkMargin=\dimen149
\Fld@menulength=\count119
\Field@Width=\dimen150
\Fld@charsize=\dimen151
Package hyperref Info: Hyper figures OFF on input line 6380.
Package hyperref Info: Link nesting OFF on input line 6385.
Package hyperref Info: Hyper index ON on input line 6388.
Package hyperref Info: backreferencing OFF on input line 6395.
Package hyperref Info: Link coloring OFF on input line 6400.
Package hyperref Info: Link coloring with OCG OFF on input line 6405.
Package hyperref Info: PDF/A mode OFF on input line 6410.
LaTeX Info: Redefining \ref on input line 6450.
LaTeX Info: Redefining \pageref on input line 6454.
\Hy@abspage=\count120
\c@Item=\count121
\c@Hfootnote=\count122
)
Package hyperref Info: Driver (autodetected): hpdftex.

(/opt/local/share/texmf-texlive/tex/latex/hyperref/hpdftex.def
File: hpdftex.def 2018/11/30 v6.88e Hyperref driver for pdfTeX
\Fld@listcount=\count123
\c@bookmark@seq@number=\count124

(/opt/local/share/texmf-texlive/tex/latex/oberdiek/rerunfilecheck.sty
Package: rerunfilecheck 2016/05/16 v1.8 Rerun checks for auxiliary files (HO)
Package uniquecounter Info: New unique counter `rerunfilecheck' on input line 2
82.
)
\Hy@SectionHShift=\skip55
)
(/opt/local/share/texmf-texlive/tex/latex/nowidow/nowidow.sty
Package: nowidow 2011/09/20 1.0 Easily prevent widows and orphans
Package: nowidow 
) (./notes.aux)
\openout1 = `notes.aux'.

LaTeX Font Info:    Checking defaults for OML/cmm/m/it on input line 5.
LaTeX Font Info:    ... okay on input line 5.
LaTeX Font Info:    Checking defaults for T1/cmr/m/n on input line 5.
LaTeX Font Info:    ... okay on input line 5.
LaTeX Font Info:    Checking defaults for OT1/cmr/m/n on input line 5.
LaTeX Font Info:    ... okay on input line 5.
LaTeX Font Info:    Checking defaults for OMS/cmsy/m/n on input line 5.
LaTeX Font Info:    ... okay on input line 5.
LaTeX Font Info:    Checking defaults for OMX/cmex/m/n on input line 5.
LaTeX Font Info:    ... okay on input line 5.
LaTeX Font Info:    Checking defaults for U/cmr/m/n on input line 5.
LaTeX Font Info:    ... okay on input line 5.
LaTeX Font Info:    Checking defaults for PD1/pdf/m/n on input line 5.
LaTeX Font Info:    ... okay on input line 5.
Package caption Info: Begin \AtBeginDocument code.
Package caption Info: hyperref package is loaded.
Package caption Info: End \AtBeginDocument code.

(/opt/local/share/texmf-texlive/tex/context/base/mkii/supp-pdf.mkii
[Loading MPS to PDF converter (version 2006.09.02).]
\scratchcounter=\count125
\scratchdimen=\dimen152
\scratchbox=\box31
\nofMPsegments=\count126
\nofMParguments=\count127
\everyMPshowfont=\toks29
\MPscratchCnt=\count128
\MPscratchDim=\dimen153
\MPnumerator=\count129
\makeMPintoPDFobject=\count130
\everyMPtoPDFconversion=\toks30
) (/opt/local/share/texmf-texlive/tex/latex/oberdiek/epstopdf-base.sty
Package: epstopdf-base 2016/05/15 v2.6 Base part for package epstopdf

(/opt/local/share/texmf-texlive/tex/latex/oberdiek/grfext.sty
Package: grfext 2016/05/16 v1.2 Manage graphics extensions (HO)
)
Package epstopdf-base Info: Redefining graphics rule for `.eps' on input line 4
38.
Package grfext Info: Graphics extension search list:
(grfext)             [.pdf,.png,.jpg,.mps,.jpeg,.jbig2,.jb2,.PDF,.PNG,.JPG,.JPE
G,.JBIG2,.JB2,.eps]
(grfext)             \AppendGraphicsExtensions on input line 456.

(/opt/local/share/texmf-texlive/tex/latex/latexconfig/epstopdf-sys.cfg
File: epstopdf-sys.cfg 2010/07/13 v1.3 Configuration of (r)epstopdf for TeX Liv
e
))
\AtBeginShipoutBox=\box32
Package hyperref Info: Link coloring OFF on input line 5.

(/opt/local/share/texmf-texlive/tex/latex/hyperref/nameref.sty
Package: nameref 2016/05/21 v2.44 Cross-referencing by name of section

(/opt/local/share/texmf-texlive/tex/generic/oberdiek/gettitlestring.sty
Package: gettitlestring 2016/05/16 v1.5 Cleanup title references (HO)
)
\c@section@level=\count131
)
LaTeX Info: Redefining \ref on input line 5.
LaTeX Info: Redefining \pageref on input line 5.
LaTeX Info: Redefining \nameref on input line 5.

(./notes.out) (./notes.out)
\@outlinefile=\write3
\openout3 = `notes.out'.

LaTeX Font Info:    Try loading font information for U+msa on input line 12.

(/opt/local/share/texmf-texlive/tex/latex/amsfonts/umsa.fd
File: umsa.fd 2013/01/14 v3.01 AMS symbols A
)
LaTeX Font Info:    Try loading font information for U+msb on input line 12.

(/opt/local/share/texmf-texlive/tex/latex/amsfonts/umsb.fd
File: umsb.fd 2013/01/14 v3.01 AMS symbols B
) [1

{/opt/local/var/db/texmf/fonts/map/pdftex/updmap/pdftex.map}] (./notes.tocpdfTe
X warning (ext4): destination with the same identifier (name{page.1}) has been 
already used, duplicate ignored
<to be read again> 
                   \relax 
l.51 ...ctor Fields on Manifolds}{93}{section.4.3}
                                                  % [1

])
\tf@toc=\write4
\openout4 = `notes.toc'.

 [2]
Chapter 1.
[3

]
Chapter 2.
[4

] [5] [6] [7] [8] [9] [10]
Overfull \hbox (1.36932pt too wide) in paragraph at lines 467--480
[]\OT1/cmr/bx/n/10 Example 2.4.1. \OT1/cmr/m/n/10 Con-sider a ge-o-met-ri-cally
 in-ter-est-ing ex-am-ple. The func-tion $\OML/cmm/m/it/10 f\OT1/cmr/m/n/10 (\O
ML/cmm/m/it/10 x; y\OT1/cmr/m/n/10 ) = \OML/cmm/m/it/10 a \OMS/cmsy/m/n/10 ^^@ 
[]$
 []

[11] [12] [13] [14]
Package epstopdf Info: Source file: <figure01.eps>
(epstopdf)                    date: 2019-08-04 22:03:02
(epstopdf)                    size: 46570 bytes
(epstopdf)             Output file: <figure01-eps-converted-to.pdf>
(epstopdf)                    date: 2019-08-04 22:11:07
(epstopdf)                    size: 5912 bytes
(epstopdf)             Command: <repstopdf --outfile=figure01-eps-converted-to.
pdf figure01.eps>
(epstopdf)             \includegraphics on input line 722.
Package epstopdf Info: Output file is already uptodate.
<figure01-eps-converted-to.pdf, id=250, 342.27875pt x 229.85875pt>
File: figure01-eps-converted-to.pdf Graphic file (type pdf)
<use figure01-eps-converted-to.pdf>
Package pdftex.def Info: figure01-eps-converted-to.pdf  used on input line 722.

(pdftex.def)             Requested size: 284.52756pt x 191.08783pt.
 [15 <./figure01-eps-converted-to.pdf>]
Overfull \hbox (3.19997pt too wide) detected at line 820
[]
 []

[16] [17] [18] [19] [20] [21] [22] [23] [24] [25] [26] [27] [28] [29] [30]
[31] [32] [33] [34] [35] [36] [37] [38] [39] [40] [41] [42] [43] [44] [45]
[46] [47] [48]
Chapter 3.
Package epstopdf Info: Source file: <figure06.eps>
(epstopdf)                    date: 2019-08-04 22:03:08
(epstopdf)                    size: 43234 bytes
(epstopdf)             Output file: <figure06-eps-converted-to.pdf>
(epstopdf)                    date: 2019-08-04 22:11:08
(epstopdf)                    size: 5358 bytes
(epstopdf)             Command: <repstopdf --outfile=figure06-eps-converted-to.
pdf figure06.eps>
(epstopdf)             \includegraphics on input line 2452.
Package epstopdf Info: Output file is already uptodate.
<figure06-eps-converted-to.pdf, id=452, 211.79124pt x 227.85126pt>
File: figure06-eps-converted-to.pdf Graphic file (type pdf)
<use figure06-eps-converted-to.pdf>
Package pdftex.def Info: figure06-eps-converted-to.pdf  used on input line 2452
.
(pdftex.def)             Requested size: 227.62204pt x 244.89012pt.
[49

]
Package epstopdf Info: Source file: <figure07.eps>
(epstopdf)                    date: 2019-08-04 22:03:09
(epstopdf)                    size: 43513 bytes
(epstopdf)             Output file: <figure07-eps-converted-to.pdf>
(epstopdf)                    date: 2019-08-04 22:11:08
(epstopdf)                    size: 6565 bytes
(epstopdf)             Command: <repstopdf --outfile=figure07-eps-converted-to.
pdf figure07.eps>
(epstopdf)             \includegraphics on input line 2494.
Package epstopdf Info: Output file is already uptodate.
<figure07-eps-converted-to.pdf, id=459, 286.06876pt x 286.06876pt>
File: figure07-eps-converted-to.pdf Graphic file (type pdf)
<use figure07-eps-converted-to.pdf>
Package pdftex.def Info: figure07-eps-converted-to.pdf  used on input line 2494
.
(pdftex.def)             Requested size: 227.62204pt x 227.62436pt.
 [50 <./figure06-eps-converted-to.pdf>]
Package epstopdf Info: Source file: <figure02.eps>
(epstopdf)                    date: 2019-08-04 22:03:04
(epstopdf)                    size: 44331 bytes
(epstopdf)             Output file: <figure02-eps-converted-to.pdf>
(epstopdf)                    date: 2019-08-04 22:11:08
(epstopdf)                    size: 7336 bytes
(epstopdf)             Command: <repstopdf --outfile=figure02-eps-converted-to.
pdf figure02.eps>
(epstopdf)             \includegraphics on input line 2527.
Package epstopdf Info: Output file is already uptodate.
<figure02-eps-converted-to.pdf, id=470, 199.74625pt x 199.74625pt>
File: figure02-eps-converted-to.pdf Graphic file (type pdf)
<use figure02-eps-converted-to.pdf>
Package pdftex.def Info: figure02-eps-converted-to.pdf  used on input line 2527
.
(pdftex.def)             Requested size: 170.71652pt x 170.72385pt.
Package epstopdf Info: Source file: <figure03.eps>
(epstopdf)                    date: 2019-08-04 22:03:05
(epstopdf)                    size: 46564 bytes
(epstopdf)             Output file: <figure03-eps-converted-to.pdf>
(epstopdf)                    date: 2019-08-04 22:11:09
(epstopdf)                    size: 7701 bytes
(epstopdf)             Command: <repstopdf --outfile=figure03-eps-converted-to.
pdf figure03.eps>
(epstopdf)             \includegraphics on input line 2534.
Package epstopdf Info: Output file is already uptodate.
<figure03-eps-converted-to.pdf, id=471, 199.74625pt x 199.74625pt>
File: figure03-eps-converted-to.pdf Graphic file (type pdf)
<use figure03-eps-converted-to.pdf>
Package pdftex.def Info: figure03-eps-converted-to.pdf  used on input line 2534
.
(pdftex.def)             Requested size: 170.71652pt x 170.72385pt.
 [51 <./figure07-eps-converted-to.pdf>]
Package epstopdf Info: Source file: <figure04.eps>
(epstopdf)                    date: 2019-08-04 22:03:06
(epstopdf)                    size: 43625 bytes
(epstopdf)             Output file: <figure04-eps-converted-to.pdf>
(epstopdf)                    date: 2019-08-04 22:11:09
(epstopdf)                    size: 6569 bytes
(epstopdf)             Command: <repstopdf --outfile=figure04-eps-converted-to.
pdf figure04.eps>
(epstopdf)             \includegraphics on input line 2574.
Package epstopdf Info: Output file is already uptodate.
<figure04-eps-converted-to.pdf, id=481, 370.38374pt x 370.38374pt>
File: figure04-eps-converted-to.pdf Graphic file (type pdf)
<use figure04-eps-converted-to.pdf>
Package pdftex.def Info: figure04-eps-converted-to.pdf  used on input line 2574
.
(pdftex.def)             Requested size: 170.71652pt x 170.71768pt.
Package epstopdf Info: Source file: <figure05.eps>
(epstopdf)                    date: 2019-08-04 22:03:07
(epstopdf)                    size: 45411 bytes
(epstopdf)             Output file: <figure05-eps-converted-to.pdf>
(epstopdf)                    date: 2019-08-04 22:11:09
(epstopdf)                    size: 6728 bytes
(epstopdf)             Command: <repstopdf --outfile=figure05-eps-converted-to.
pdf figure05.eps>
(epstopdf)             \includegraphics on input line 2581.
Package epstopdf Info: Output file is already uptodate.
<figure05-eps-converted-to.pdf, id=482, 370.38374pt x 370.38374pt>
File: figure05-eps-converted-to.pdf Graphic file (type pdf)
<use figure05-eps-converted-to.pdf>
Package pdftex.def Info: figure05-eps-converted-to.pdf  used on input line 2581
.
(pdftex.def)             Requested size: 170.71652pt x 170.71768pt.
 [52 <./figure02-eps-converted-to.pdf>] [53 <./figure03-eps-converted-to.pdf>] 
[54 <./figure04-eps-converted-to.pdf>] [55 <./figure05-eps-converted-to.pdf>] [
56] [57]
Overfull \hbox (2.19081pt too wide) in paragraph at lines 2932--2939
[]\OT1/cmr/bx/n/10 Example 3.3.16. \OT1/cmr/m/n/10 Con-sider the vec-tor field 
$\OML/cmm/m/it/10 F\OT1/cmr/m/n/10 (\OML/cmm/m/it/10 x; y; z\OT1/cmr/m/n/10 ) =
 []$. $\OMS/cmsy/m/n/10 r ^^B \OML/cmm/m/it/10 F \OT1/cmr/m/n/10 = []$:
 []

[58] [59] [60] [61] [62] [63] [64] [65] [66] [67] [68] [69] [70] [71] [72]
[73] [74] [75] [76] [77] [78]
LaTeX Font Info:    Try loading font information for OMS+cmr on input line 4302
.

(/opt/local/share/texmf-texlive/tex/latex/base/omscmr.fd
File: omscmr.fd 2014/09/29 v2.5h Standard LaTeX font definitions
)
LaTeX Font Info:    Font shape `OMS/cmr/m/n' in size <10> not available
(Font)              Font shape `OMS/cmsy/m/n' tried instead on input line 4302.

 [79] [80] [81]
[82] [83]
Chapter 4.
[84

] [85] [86] [87] [88] [89] [90] [91] [92] [93] [94] [95] [96] [97] [98]
[99] [100] [101] [102] [103] [104] [105] [106] [107]
Package atveryend Info: Empty hook `BeforeClearDocument' on input line 6329.
 [108]
Package atveryend Info: Empty hook `AfterLastShipout' on input line 6329.
 (./notes.aux)
Package atveryend Info: Executing hook `AtVeryEndDocument' on input line 6329.
Package atveryend Info: Executing hook `AtEndAfterFileList' on input line 6329.

Package rerunfilecheck Info: File `notes.out' has not changed.
(rerunfilecheck)             Checksum: C9883DF7868BA6B74436BB3166A1F45A;1965.
Package atveryend Info: Empty hook `AtVeryVeryEnd' on input line 6329.
 ) 
Here is how much of TeX's memory you used:
 8919 strings out of 493731
 128009 string characters out of 6152120
 229232 words of memory out of 5000000
 12201 multiletter control sequences out of 15000+600000
 13061 words of font info for 50 fonts, out of 8000000 for 9000
 430 hyphenation exceptions out of 8191
 50i,15n,42p,260b,503s stack positions out of 5000i,500n,10000p,200000b,80000s
</opt/local/share/texmf-texlive/fonts/type1/public/amsfonts/cm/cmbx10.pfb></o
pt/local/share/texmf-texlive/fonts/type1/public/amsfonts/cm/cmbx12.pfb></opt/lo
cal/share/texmf-texlive/fonts/type1/public/amsfonts/cm/cmex10.pfb></opt/local/s
hare/texmf-texlive/fonts/type1/public/amsfonts/cm/cmmi10.pfb></opt/local/share/
texmf-texlive/fonts/type1/public/amsfonts/cm/cmmi12.pfb></opt/local/share/texmf
-texlive/fonts/type1/public/amsfonts/cm/cmmi5.pfb></opt/local/share/texmf-texli
ve/fonts/type1/public/amsfonts/cm/cmmi7.pfb></opt/local/share/texmf-texlive/fon
ts/type1/public/amsfonts/cm/cmr10.pfb></opt/local/share/texmf-texlive/fonts/typ
e1/public/amsfonts/cm/cmr12.pfb></opt/local/share/texmf-texlive/fonts/type1/pub
lic/amsfonts/cm/cmr17.pfb></opt/local/share/texmf-texlive/fonts/type1/public/am
sfonts/cm/cmr5.pfb></opt/local/share/texmf-texlive/fonts/type1/public/amsfonts/
cm/cmr7.pfb></opt/local/share/texmf-texlive/fonts/type1/public/amsfonts/cm/cmr8
.pfb></opt/local/share/texmf-texlive/fonts/type1/public/amsfonts/cm/cmsy10.pfb>
</opt/local/share/texmf-texlive/fonts/type1/public/amsfonts/cm/cmsy5.pfb></opt/
local/share/texmf-texlive/fonts/type1/public/amsfonts/cm/cmsy7.pfb></opt/local/
share/texmf-texlive/fonts/type1/public/amsfonts/cm/cmti10.pfb></opt/local/share
/texmf-texlive/fonts/type1/public/amsfonts/symbols/msbm10.pfb></opt/local/share
/texmf-texlive/fonts/type1/public/amsfonts/symbols/msbm7.pfb>
Output written on notes.pdf (109 pages, 587666 bytes).
PDF statistics:
 1011 PDF objects out of 1200 (max. 8388607)
 865 compressed objects within 9 object streams
 346 named destinations out of 1000 (max. 500000)
 268 words of extra memory for PDF output out of 10000 (max. 10000000)

